TN:
SF:src\components\HelloWorld.vue
FN:1,(anonymous_0)
FNF:1
FNH:1
FNDA:1,(anonymous_0)
DA:1,6
LF:1
LH:1
BRF:0
BRH:0
end_of_record
TN:
SF:src\utils\index.js
FN:2,(anonymous_0)
FN:7,(anonymous_1)
FN:12,(anonymous_2)
FN:17,(anonymous_3)
FN:22,(anonymous_4)
FN:27,(anonymous_5)
FN:32,(anonymous_6)
FN:37,(anonymous_7)
FN:42,(anonymous_8)
FN:47,(anonymous_9)
FNF:10
FNH:10
FNDA:3,(anonymous_0)
FNDA:3,(anonymous_1)
FNDA:3,(anonymous_2)
FNDA:3,(anonymous_3)
FNDA:3,(anonymous_4)
FNDA:3,(anonymous_5)
FNDA:3,(anonymous_6)
FNDA:3,(anonymous_7)
FNDA:3,(anonymous_8)
FNDA:3,(anonymous_9)
DA:2,1
DA:3,3
DA:7,1
DA:8,3
DA:12,1
DA:13,3
DA:17,1
DA:18,3
DA:22,1
DA:23,3
DA:27,1
DA:28,3
DA:32,1
DA:33,3
DA:37,1
DA:38,3
DA:42,1
DA:43,3
DA:47,1
DA:48,3
LF:20
LH:20
BRF:0
BRH:0
end_of_record
